TMS320C2000 Assembler PC v20.2.1 Tue May 11 14:30:51 2021

Copyright (c) 1996-2018 Texas Instruments Incorporated
DRV830x_SPI.asm                                                      PAGE    1

       1              ;***************************************************************
       2              ;* TMS320C2000 G3 C/C++ Codegen                               PC v20.2.1.LTS *
       3              ;* Date/Time created: Tue May 11 14:30:51 2021                 *
       4              ;***************************************************************
       5                      .compiler_opts --abi=coffabi --cla_support=cla0 --float_support=fpu32 --hll_source=on --mem_model:cod
       6                      .asg    XAR2, FP
       7              
       8              $C$DW$CU        .dwtag  DW_TAG_compile_unit
       9                      .dwattr $C$DW$CU, DW_AT_name("../DRV830x_SPI.c")
      10                      .dwattr $C$DW$CU, DW_AT_producer("TI TMS320C2000 G3 C/C++ Codegen PC v20.2.1.LTS Copyright (c) 1996-2
      11                      .dwattr $C$DW$CU, DW_AT_TI_version(0x01)
      12                      .dwattr $C$DW$CU, DW_AT_comp_dir("C:\Chiaming\CCSworkspace_V10\MonoMtrServo_377s\F2837x_RAM")
      13              
      14              $C$DW$1 .dwtag  DW_TAG_subprogram
      15                      .dwattr $C$DW$1, DW_AT_name("GPIO_WritePin")
      16                      .dwattr $C$DW$1, DW_AT_TI_symbol_name("_GPIO_WritePin")
      17                      .dwattr $C$DW$1, DW_AT_declaration
      18                      .dwattr $C$DW$1, DW_AT_external
      19              $C$DW$2 .dwtag  DW_TAG_formal_parameter
      20                      .dwattr $C$DW$2, DW_AT_type(*$C$DW$T$19)
      21              
      22              $C$DW$3 .dwtag  DW_TAG_formal_parameter
      23                      .dwattr $C$DW$3, DW_AT_type(*$C$DW$T$19)
      24              
      25                      .dwendtag $C$DW$1
      26              
      27              
      28              $C$DW$4 .dwtag  DW_TAG_subprogram
      29                      .dwattr $C$DW$4, DW_AT_name("F28x_usDelay")
      30                      .dwattr $C$DW$4, DW_AT_TI_symbol_name("_F28x_usDelay")
      31                      .dwattr $C$DW$4, DW_AT_declaration
      32                      .dwattr $C$DW$4, DW_AT_external
      33              $C$DW$5 .dwtag  DW_TAG_formal_parameter
      34                      .dwattr $C$DW$5, DW_AT_type(*$C$DW$T$12)
      35              
      36                      .dwendtag $C$DW$4
      37              
      38              ;       C:\ti\ccs1010\ccs\tools\compiler\ti-cgt-c2000_20.2.1.LTS\bin\ac2000.exe -@C:\\Users\\Chiaming\\AppDat
      39 00000000               .sect   ".text"
      40                      .clink
      41                      .global _SPI_Driver
      42              
      43              $C$DW$6 .dwtag  DW_TAG_subprogram
      44                      .dwattr $C$DW$6, DW_AT_name("SPI_Driver")
      45                      .dwattr $C$DW$6, DW_AT_low_pc(_SPI_Driver)
      46                      .dwattr $C$DW$6, DW_AT_high_pc(0x00)
      47                      .dwattr $C$DW$6, DW_AT_TI_symbol_name("_SPI_Driver")
      48                      .dwattr $C$DW$6, DW_AT_external
      49                      .dwattr $C$DW$6, DW_AT_type(*$C$DW$T$19)
      50                      .dwattr $C$DW$6, DW_AT_TI_begin_file("../DRV830x_SPI.c")
      51                      .dwattr $C$DW$6, DW_AT_TI_begin_line(0x1b)
      52                      .dwattr $C$DW$6, DW_AT_TI_begin_column(0x08)
      53                      .dwattr $C$DW$6, DW_AT_TI_max_frame_size(-6)
      54                      .dwpsn  file "../DRV830x_SPI.c",line 28,column 1,is_stmt,address _SPI_Driver,isa 0
      55              
TMS320C2000 Assembler PC v20.2.1 Tue May 11 14:30:51 2021

Copyright (c) 1996-2018 Texas Instruments Incorporated
DRV830x_SPI.asm                                                      PAGE    2

      56                      .dwfde $C$DW$CIE, _SPI_Driver
      57              $C$DW$7 .dwtag  DW_TAG_formal_parameter
      58                      .dwattr $C$DW$7, DW_AT_name("s")
      59                      .dwattr $C$DW$7, DW_AT_TI_symbol_name("_s")
      60                      .dwattr $C$DW$7, DW_AT_type(*$C$DW$T$41)
      61                      .dwattr $C$DW$7, DW_AT_location[DW_OP_reg12]
      62              
      63              $C$DW$8 .dwtag  DW_TAG_formal_parameter
      64                      .dwattr $C$DW$8, DW_AT_name("data")
      65                      .dwattr $C$DW$8, DW_AT_TI_symbol_name("_data")
      66                      .dwattr $C$DW$8, DW_AT_type(*$C$DW$T$19)
      67                      .dwattr $C$DW$8, DW_AT_location[DW_OP_reg0]
      68              
      69              $C$DW$9 .dwtag  DW_TAG_formal_parameter
      70                      .dwattr $C$DW$9, DW_AT_name("scsPin")
      71                      .dwattr $C$DW$9, DW_AT_TI_symbol_name("_scsPin")
      72                      .dwattr $C$DW$9, DW_AT_type(*$C$DW$T$19)
      73                      .dwattr $C$DW$9, DW_AT_location[DW_OP_reg1]
      74              
      75              
      76              ;***************************************************************
      77              ;* FNAME: _SPI_Driver                   FR SIZE:   4           *
      78              ;*                                                             *
      79              ;* FUNCTION ENVIRONMENT                                        *
      80              ;*                                                             *
      81              ;* FUNCTION PROPERTIES                                         *
      82              ;*                            0 Parameter,  4 Auto,  0 SOE     *
      83              ;***************************************************************
      84              
      85 00000000       _SPI_Driver:
      86                      .dwcfi  cfa_offset, -2
      87                      .dwcfi  save_reg_to_mem, 26, 0
      88 00000000 FE04          ADDB      SP,#4                 ; [CPU_ARAU] 
      89                      .dwcfi  cfa_offset, -6
      90              $C$DW$10        .dwtag  DW_TAG_variable
      91                      .dwattr $C$DW$10, DW_AT_name("s")
      92                      .dwattr $C$DW$10, DW_AT_TI_symbol_name("_s")
      93                      .dwattr $C$DW$10, DW_AT_type(*$C$DW$T$41)
      94                      .dwattr $C$DW$10, DW_AT_location[DW_OP_breg20 -2]
      95              
      96              $C$DW$11        .dwtag  DW_TAG_variable
      97                      .dwattr $C$DW$11, DW_AT_name("data")
      98                      .dwattr $C$DW$11, DW_AT_TI_symbol_name("_data")
      99                      .dwattr $C$DW$11, DW_AT_type(*$C$DW$T$19)
     100                      .dwattr $C$DW$11, DW_AT_location[DW_OP_breg20 -3]
     101              
     102              $C$DW$12        .dwtag  DW_TAG_variable
     103                      .dwattr $C$DW$12, DW_AT_name("scsPin")
     104                      .dwattr $C$DW$12, DW_AT_TI_symbol_name("_scsPin")
     105                      .dwattr $C$DW$12, DW_AT_type(*$C$DW$T$19)
     106                      .dwattr $C$DW$12, DW_AT_location[DW_OP_breg20 -4]
     107              
     108 00000001 9744          MOV       *-SP[4],AH            ; [CPU_ALU] |28| 
     109 00000002 9643          MOV       *-SP[3],AL            ; [CPU_ALU] |28| 
     110 00000003 A842          MOVL      *-SP[2],XAR4          ; [CPU_ALU] |28| 
TMS320C2000 Assembler PC v20.2.1 Tue May 11 14:30:51 2021

Copyright (c) 1996-2018 Texas Instruments Incorporated
DRV830x_SPI.asm                                                      PAGE    3

     111                      .dwpsn  file "../DRV830x_SPI.c",line 29,column 2,is_stmt,isa 0
     112 00000004 9B00          MOVB      AH,#0                 ; [CPU_ALU] |29| 
     113 00000005 9244          MOV       AL,*-SP[4]            ; [CPU_ALU] |29| 
     114              $C$DW$13        .dwtag  DW_TAG_TI_branch
     115                      .dwattr $C$DW$13, DW_AT_low_pc(0x00)
     116                      .dwattr $C$DW$13, DW_AT_name("_GPIO_WritePin")
     117                      .dwattr $C$DW$13, DW_AT_TI_call
     118              
     119 00000006 7640!         LCR       #_GPIO_WritePin       ; [CPU_ALU] |29| 
         00000007 0000 
     120                      ; call occurs [#_GPIO_WritePin] ; [] |29| 
     121                      .dwpsn  file "../DRV830x_SPI.c",line 30,column 2,is_stmt,isa 0
     122 00000008 8843          MOVZ      AR6,*-SP[3]           ; [CPU_ALU] |30| 
     123 00000009 0208          MOVB      ACC,#8                ; [CPU_ALU] |30| 
     124 0000000a 0742          ADDL      ACC,*-SP[2]           ; [CPU_ALU] |30| 
     125 0000000b 8AA9          MOVL      XAR4,ACC              ; [CPU_ALU] |30| 
     126 0000000c 7EC4          MOV       *+XAR4[0],AR6         ; [CPU_ALU] |30| 
     127                      .dwpsn  file "../DRV830x_SPI.c",line 31,column 2,is_stmt,isa 0
     128 0000000d       $C$L1:    
     129                      .dwpsn  file "../DRV830x_SPI.c",line 31,column 8,is_stmt,isa 0
     130 0000000d 8A42          MOVL      XAR4,*-SP[2]          ; [CPU_ALU] |31| 
     131 0000000e 46D4          TBIT      *+XAR4[2],#6          ; [CPU_ALU] |31| 
     132 0000000f 6CFE          B         $C$L1,NTC             ; [CPU_ALU] |31| 
     133                      ; branchcc occurs ; [] |31| 
     134                      .dwpsn  file "../DRV830x_SPI.c",line 32,column 2,is_stmt,isa 0
     135 00000010 92FC          MOV       AL,*+XAR4[7]          ; [CPU_ALU] |32| 
     136 00000011 9643          MOV       *-SP[3],AL            ; [CPU_ALU] |32| 
     137                      .dwpsn  file "../DRV830x_SPI.c",line 33,column 2,is_stmt,isa 0
     138 00000012 0226          MOVB      ACC,#38               ; [CPU_ALU] |33| 
     139              $C$DW$14        .dwtag  DW_TAG_TI_branch
     140                      .dwattr $C$DW$14, DW_AT_low_pc(0x00)
     141                      .dwattr $C$DW$14, DW_AT_name("_F28x_usDelay")
     142                      .dwattr $C$DW$14, DW_AT_TI_call
     143              
     144 00000013 7640!         LCR       #_F28x_usDelay        ; [CPU_ALU] |33| 
         00000014 0000 
     145                      ; call occurs [#_F28x_usDelay] ; [] |33| 
     146                      .dwpsn  file "../DRV830x_SPI.c",line 34,column 2,is_stmt,isa 0
     147 00000015 9B01          MOVB      AH,#1                 ; [CPU_ALU] |34| 
     148 00000016 9244          MOV       AL,*-SP[4]            ; [CPU_ALU] |34| 
     149              $C$DW$15        .dwtag  DW_TAG_TI_branch
     150                      .dwattr $C$DW$15, DW_AT_low_pc(0x00)
     151                      .dwattr $C$DW$15, DW_AT_name("_GPIO_WritePin")
     152                      .dwattr $C$DW$15, DW_AT_TI_call
     153              
     154 00000017 7640!         LCR       #_GPIO_WritePin       ; [CPU_ALU] |34| 
         00000018 0000 
     155                      ; call occurs [#_GPIO_WritePin] ; [] |34| 
     156                      .dwpsn  file "../DRV830x_SPI.c",line 36,column 2,is_stmt,isa 0
     157 00000019 9243          MOV       AL,*-SP[3]            ; [CPU_ALU] |36| 
     158                      .dwpsn  file "../DRV830x_SPI.c",line 37,column 1,is_stmt,isa 0
     159 0000001a FE84          SUBB      SP,#4                 ; [CPU_ARAU] 
     160                      .dwcfi  cfa_offset, -2
     161              $C$DW$16        .dwtag  DW_TAG_TI_branch
     162                      .dwattr $C$DW$16, DW_AT_low_pc(0x00)
TMS320C2000 Assembler PC v20.2.1 Tue May 11 14:30:51 2021

Copyright (c) 1996-2018 Texas Instruments Incorporated
DRV830x_SPI.asm                                                      PAGE    4

     163                      .dwattr $C$DW$16, DW_AT_TI_return
     164              
     165 0000001b 0006          LRETR     ; [CPU_ALU] 
     166                      ; return occurs ; [] 
     167                      .dwattr $C$DW$6, DW_AT_TI_end_file("../DRV830x_SPI.c")
     168                      .dwattr $C$DW$6, DW_AT_TI_end_line(0x25)
     169                      .dwattr $C$DW$6, DW_AT_TI_end_column(0x01)
     170                      .dwendentry
     171                      .dwendtag $C$DW$6
     172              
     173 0000001c               .sect   ".text"
     174                      .clink
     175                      .global _SPIDAC_write
     176              
     177              $C$DW$17        .dwtag  DW_TAG_subprogram
     178                      .dwattr $C$DW$17, DW_AT_name("SPIDAC_write")
     179                      .dwattr $C$DW$17, DW_AT_low_pc(_SPIDAC_write)
     180                      .dwattr $C$DW$17, DW_AT_high_pc(0x00)
     181                      .dwattr $C$DW$17, DW_AT_TI_symbol_name("_SPIDAC_write")
     182                      .dwattr $C$DW$17, DW_AT_external
     183                      .dwattr $C$DW$17, DW_AT_TI_begin_file("../DRV830x_SPI.c")
     184                      .dwattr $C$DW$17, DW_AT_TI_begin_line(0x8a)
     185                      .dwattr $C$DW$17, DW_AT_TI_begin_column(0x06)
     186                      .dwattr $C$DW$17, DW_AT_TI_max_frame_size(-6)
     187                      .dwpsn  file "../DRV830x_SPI.c",line 139,column 1,is_stmt,address _SPIDAC_write,isa 0
     188              
     189                      .dwfde $C$DW$CIE, _SPIDAC_write
     190              $C$DW$18        .dwtag  DW_TAG_formal_parameter
     191                      .dwattr $C$DW$18, DW_AT_name("s")
     192                      .dwattr $C$DW$18, DW_AT_TI_symbol_name("_s")
     193                      .dwattr $C$DW$18, DW_AT_type(*$C$DW$T$41)
     194                      .dwattr $C$DW$18, DW_AT_location[DW_OP_reg12]
     195              
     196              $C$DW$19        .dwtag  DW_TAG_formal_parameter
     197                      .dwattr $C$DW$19, DW_AT_name("address")
     198                      .dwattr $C$DW$19, DW_AT_TI_symbol_name("_address")
     199                      .dwattr $C$DW$19, DW_AT_type(*$C$DW$T$19)
     200                      .dwattr $C$DW$19, DW_AT_location[DW_OP_reg0]
     201              
     202              $C$DW$20        .dwtag  DW_TAG_formal_parameter
     203                      .dwattr $C$DW$20, DW_AT_name("data")
     204                      .dwattr $C$DW$20, DW_AT_TI_symbol_name("_data")
     205                      .dwattr $C$DW$20, DW_AT_type(*$C$DW$T$19)
     206                      .dwattr $C$DW$20, DW_AT_location[DW_OP_reg1]
     207              
     208              
     209              ;***************************************************************
     210              ;* FNAME: _SPIDAC_write                 FR SIZE:   4           *
     211              ;*                                                             *
     212              ;* FUNCTION ENVIRONMENT                                        *
     213              ;*                                                             *
     214              ;* FUNCTION PROPERTIES                                         *
     215              ;*                            0 Parameter,  4 Auto,  0 SOE     *
     216              ;***************************************************************
     217              
TMS320C2000 Assembler PC v20.2.1 Tue May 11 14:30:51 2021

Copyright (c) 1996-2018 Texas Instruments Incorporated
DRV830x_SPI.asm                                                      PAGE    5

     218 0000001c       _SPIDAC_write:
     219                      .dwcfi  cfa_offset, -2
     220                      .dwcfi  save_reg_to_mem, 26, 0
     221 0000001c FE04          ADDB      SP,#4                 ; [CPU_ARAU] 
     222                      .dwcfi  cfa_offset, -6
     223              $C$DW$21        .dwtag  DW_TAG_variable
     224                      .dwattr $C$DW$21, DW_AT_name("s")
     225                      .dwattr $C$DW$21, DW_AT_TI_symbol_name("_s")
     226                      .dwattr $C$DW$21, DW_AT_type(*$C$DW$T$41)
     227                      .dwattr $C$DW$21, DW_AT_location[DW_OP_breg20 -2]
     228              
     229              $C$DW$22        .dwtag  DW_TAG_variable
     230                      .dwattr $C$DW$22, DW_AT_name("address")
     231                      .dwattr $C$DW$22, DW_AT_TI_symbol_name("_address")
     232                      .dwattr $C$DW$22, DW_AT_type(*$C$DW$T$19)
     233                      .dwattr $C$DW$22, DW_AT_location[DW_OP_breg20 -3]
     234              
     235              $C$DW$23        .dwtag  DW_TAG_variable
     236                      .dwattr $C$DW$23, DW_AT_name("data")
     237                      .dwattr $C$DW$23, DW_AT_TI_symbol_name("_data")
     238                      .dwattr $C$DW$23, DW_AT_type(*$C$DW$T$19)
     239                      .dwattr $C$DW$23, DW_AT_location[DW_OP_breg20 -4]
     240              
     241 0000001d 9744          MOV       *-SP[4],AH            ; [CPU_ALU] |139| 
     242 0000001e 9643          MOV       *-SP[3],AL            ; [CPU_ALU] |139| 
     243 0000001f A842          MOVL      *-SP[2],XAR4          ; [CPU_ALU] |139| 
     244                      .dwpsn  file "../DRV830x_SPI.c",line 140,column 5,is_stmt,isa 0
     245 00000020 5603          MOV       ACC,*-SP[3] << #14    ; [CPU_ALU] |140| 
         00000021 0E43 
     246 00000022 CA44          OR        AL,*-SP[4]            ; [CPU_ALU] |140| 
     247 00000023 9B3D          MOVB      AH,#61                ; [CPU_FPU] |140| 
     248 00000024 1AA9          OR        AL,#0x1000            ; [CPU_ALU] |140| 
         00000025 1000 
     249              $C$DW$24        .dwtag  DW_TAG_TI_branch
     250                      .dwattr $C$DW$24, DW_AT_low_pc(0x00)
     251                      .dwattr $C$DW$24, DW_AT_name("_SPI_Driver")
     252                      .dwattr $C$DW$24, DW_AT_TI_call
     253              
     254 00000026 7640'         LCR       #_SPI_Driver          ; [CPU_ALU] |140| 
         00000027 0000 
     255                      ; call occurs [#_SPI_Driver] ; [] |140| 
     256                      .dwpsn  file "../DRV830x_SPI.c",line 141,column 1,is_stmt,isa 0
     257 00000028 FE84          SUBB      SP,#4                 ; [CPU_ARAU] 
     258                      .dwcfi  cfa_offset, -2
     259              $C$DW$25        .dwtag  DW_TAG_TI_branch
     260                      .dwattr $C$DW$25, DW_AT_low_pc(0x00)
     261                      .dwattr $C$DW$25, DW_AT_TI_return
     262              
     263 00000029 0006          LRETR     ; [CPU_ALU] 
     264                      ; return occurs ; [] 
     265                      .dwattr $C$DW$17, DW_AT_TI_end_file("../DRV830x_SPI.c")
     266                      .dwattr $C$DW$17, DW_AT_TI_end_line(0x8d)
     267                      .dwattr $C$DW$17, DW_AT_TI_end_column(0x01)
     268                      .dwendentry
     269                      .dwendtag $C$DW$17
TMS320C2000 Assembler PC v20.2.1 Tue May 11 14:30:51 2021

Copyright (c) 1996-2018 Texas Instruments Incorporated
DRV830x_SPI.asm                                                      PAGE    6

     270              
     271              ;**************************************************************
     272              ;* UNDEFINED EXTERNAL REFERENCES                              *
     273              ;**************************************************************
     274                      .global _GPIO_WritePin
     275                      .global _F28x_usDelay
     276              
     277              ;***************************************************************
     278              ;* TYPE INFORMATION                                            *
     279              ;***************************************************************
     280              
     281              $C$DW$T$20      .dwtag  DW_TAG_structure_type
     282                      .dwattr $C$DW$T$20, DW_AT_name("SPIBRR_BITS")
     283                      .dwattr $C$DW$T$20, DW_AT_byte_size(0x01)
     284              $C$DW$26        .dwtag  DW_TAG_member
     285                      .dwattr $C$DW$26, DW_AT_type(*$C$DW$T$19)
     286                      .dwattr $C$DW$26, DW_AT_name("SPI_BIT_RATE")
     287                      .dwattr $C$DW$26, DW_AT_TI_symbol_name("_SPI_BIT_RATE")
     288                      .dwattr $C$DW$26, DW_AT_bit_offset(0x09)
     289                      .dwattr $C$DW$26, DW_AT_bit_size(0x07)
     290                      .dwattr $C$DW$26, DW_AT_data_member_location[DW_OP_plus_uconst 0x0]
     291                      .dwattr $C$DW$26, DW_AT_accessibility(DW_ACCESS_public)
     292              
     293              $C$DW$27        .dwtag  DW_TAG_member
     294                      .dwattr $C$DW$27, DW_AT_type(*$C$DW$T$19)
     295                      .dwattr $C$DW$27, DW_AT_name("rsvd1")
     296                      .dwattr $C$DW$27, DW_AT_TI_symbol_name("_rsvd1")
     297                      .dwattr $C$DW$27, DW_AT_bit_offset(0x00)
     298                      .dwattr $C$DW$27, DW_AT_bit_size(0x09)
     299                      .dwattr $C$DW$27, DW_AT_data_member_location[DW_OP_plus_uconst 0x0]
     300                      .dwattr $C$DW$27, DW_AT_accessibility(DW_ACCESS_public)
     301              
     302                      .dwendtag $C$DW$T$20
     303              
     304              
     305              $C$DW$T$21      .dwtag  DW_TAG_union_type
     306                      .dwattr $C$DW$T$21, DW_AT_name("SPIBRR_REG")
     307                      .dwattr $C$DW$T$21, DW_AT_byte_size(0x01)
     308              $C$DW$28        .dwtag  DW_TAG_member
     309                      .dwattr $C$DW$28, DW_AT_type(*$C$DW$T$19)
     310                      .dwattr $C$DW$28, DW_AT_name("all")
     311                      .dwattr $C$DW$28, DW_AT_TI_symbol_name("_all")
     312                      .dwattr $C$DW$28, DW_AT_data_member_location[DW_OP_plus_uconst 0x0]
     313                      .dwattr $C$DW$28, DW_AT_accessibility(DW_ACCESS_public)
     314              
     315              $C$DW$29        .dwtag  DW_TAG_member
     316                      .dwattr $C$DW$29, DW_AT_type(*$C$DW$T$20)
     317                      .dwattr $C$DW$29, DW_AT_name("bit")
     318                      .dwattr $C$DW$29, DW_AT_TI_symbol_name("_bit")
     319                      .dwattr $C$DW$29, DW_AT_data_member_location[DW_OP_plus_uconst 0x0]
     320                      .dwattr $C$DW$29, DW_AT_accessibility(DW_ACCESS_public)
     321              
     322                      .dwendtag $C$DW$T$21
     323              
     324              
TMS320C2000 Assembler PC v20.2.1 Tue May 11 14:30:51 2021

Copyright (c) 1996-2018 Texas Instruments Incorporated
DRV830x_SPI.asm                                                      PAGE    7

     325              $C$DW$T$22      .dwtag  DW_TAG_structure_type
     326                      .dwattr $C$DW$T$22, DW_AT_name("SPICCR_BITS")
     327                      .dwattr $C$DW$T$22, DW_AT_byte_size(0x01)
     328              $C$DW$30        .dwtag  DW_TAG_member
     329                      .dwattr $C$DW$30, DW_AT_type(*$C$DW$T$19)
     330                      .dwattr $C$DW$30, DW_AT_name("SPICHAR")
     331                      .dwattr $C$DW$30, DW_AT_TI_symbol_name("_SPICHAR")
     332                      .dwattr $C$DW$30, DW_AT_bit_offset(0x0c)
     333                      .dwattr $C$DW$30, DW_AT_bit_size(0x04)
     334                      .dwattr $C$DW$30, DW_AT_data_member_location[DW_OP_plus_uconst 0x0]
     335                      .dwattr $C$DW$30, DW_AT_accessibility(DW_ACCESS_public)
     336              
     337              $C$DW$31        .dwtag  DW_TAG_member
     338                      .dwattr $C$DW$31, DW_AT_type(*$C$DW$T$19)
     339                      .dwattr $C$DW$31, DW_AT_name("SPILBK")
     340                      .dwattr $C$DW$31, DW_AT_TI_symbol_name("_SPILBK")
     341                      .dwattr $C$DW$31, DW_AT_bit_offset(0x0b)
     342                      .dwattr $C$DW$31, DW_AT_bit_size(0x01)
     343                      .dwattr $C$DW$31, DW_AT_data_member_location[DW_OP_plus_uconst 0x0]
     344                      .dwattr $C$DW$31, DW_AT_accessibility(DW_ACCESS_public)
     345              
     346              $C$DW$32        .dwtag  DW_TAG_member
     347                      .dwattr $C$DW$32, DW_AT_type(*$C$DW$T$19)
     348                      .dwattr $C$DW$32, DW_AT_name("HS_MODE")
     349                      .dwattr $C$DW$32, DW_AT_TI_symbol_name("_HS_MODE")
     350                      .dwattr $C$DW$32, DW_AT_bit_offset(0x0a)
     351                      .dwattr $C$DW$32, DW_AT_bit_size(0x01)
     352                      .dwattr $C$DW$32, DW_AT_data_member_location[DW_OP_plus_uconst 0x0]
     353                      .dwattr $C$DW$32, DW_AT_accessibility(DW_ACCESS_public)
     354              
     355              $C$DW$33        .dwtag  DW_TAG_member
     356                      .dwattr $C$DW$33, DW_AT_type(*$C$DW$T$19)
     357                      .dwattr $C$DW$33, DW_AT_name("CLKPOLARITY")
     358                      .dwattr $C$DW$33, DW_AT_TI_symbol_name("_CLKPOLARITY")
     359                      .dwattr $C$DW$33, DW_AT_bit_offset(0x09)
     360                      .dwattr $C$DW$33, DW_AT_bit_size(0x01)
     361                      .dwattr $C$DW$33, DW_AT_data_member_location[DW_OP_plus_uconst 0x0]
     362                      .dwattr $C$DW$33, DW_AT_accessibility(DW_ACCESS_public)
     363              
     364              $C$DW$34        .dwtag  DW_TAG_member
     365                      .dwattr $C$DW$34, DW_AT_type(*$C$DW$T$19)
     366                      .dwattr $C$DW$34, DW_AT_name("SPISWRESET")
     367                      .dwattr $C$DW$34, DW_AT_TI_symbol_name("_SPISWRESET")
     368                      .dwattr $C$DW$34, DW_AT_bit_offset(0x08)
     369                      .dwattr $C$DW$34, DW_AT_bit_size(0x01)
     370                      .dwattr $C$DW$34, DW_AT_data_member_location[DW_OP_plus_uconst 0x0]
     371                      .dwattr $C$DW$34, DW_AT_accessibility(DW_ACCESS_public)
     372              
     373              $C$DW$35        .dwtag  DW_TAG_member
     374                      .dwattr $C$DW$35, DW_AT_type(*$C$DW$T$19)
     375                      .dwattr $C$DW$35, DW_AT_name("rsvd1")
     376                      .dwattr $C$DW$35, DW_AT_TI_symbol_name("_rsvd1")
     377                      .dwattr $C$DW$35, DW_AT_bit_offset(0x00)
     378                      .dwattr $C$DW$35, DW_AT_bit_size(0x08)
     379                      .dwattr $C$DW$35, DW_AT_data_member_location[DW_OP_plus_uconst 0x0]
TMS320C2000 Assembler PC v20.2.1 Tue May 11 14:30:51 2021

Copyright (c) 1996-2018 Texas Instruments Incorporated
DRV830x_SPI.asm                                                      PAGE    8

     380                      .dwattr $C$DW$35, DW_AT_accessibility(DW_ACCESS_public)
     381              
     382                      .dwendtag $C$DW$T$22
     383              
     384              
     385              $C$DW$T$23      .dwtag  DW_TAG_union_type
     386                      .dwattr $C$DW$T$23, DW_AT_name("SPICCR_REG")
     387                      .dwattr $C$DW$T$23, DW_AT_byte_size(0x01)
     388              $C$DW$36        .dwtag  DW_TAG_member
     389                      .dwattr $C$DW$36, DW_AT_type(*$C$DW$T$19)
     390                      .dwattr $C$DW$36, DW_AT_name("all")
     391                      .dwattr $C$DW$36, DW_AT_TI_symbol_name("_all")
     392                      .dwattr $C$DW$36, DW_AT_data_member_location[DW_OP_plus_uconst 0x0]
     393                      .dwattr $C$DW$36, DW_AT_accessibility(DW_ACCESS_public)
     394              
     395              $C$DW$37        .dwtag  DW_TAG_member
     396                      .dwattr $C$DW$37, DW_AT_type(*$C$DW$T$22)
     397                      .dwattr $C$DW$37, DW_AT_name("bit")
     398                      .dwattr $C$DW$37, DW_AT_TI_symbol_name("_bit")
     399                      .dwattr $C$DW$37, DW_AT_data_member_location[DW_OP_plus_uconst 0x0]
     400                      .dwattr $C$DW$37, DW_AT_accessibility(DW_ACCESS_public)
     401              
     402                      .dwendtag $C$DW$T$23
     403              
     404              
     405              $C$DW$T$24      .dwtag  DW_TAG_structure_type
     406                      .dwattr $C$DW$T$24, DW_AT_name("SPICTL_BITS")
     407                      .dwattr $C$DW$T$24, DW_AT_byte_size(0x01)
     408              $C$DW$38        .dwtag  DW_TAG_member
     409                      .dwattr $C$DW$38, DW_AT_type(*$C$DW$T$19)
     410                      .dwattr $C$DW$38, DW_AT_name("SPIINTENA")
     411                      .dwattr $C$DW$38, DW_AT_TI_symbol_name("_SPIINTENA")
     412                      .dwattr $C$DW$38, DW_AT_bit_offset(0x0f)
     413                      .dwattr $C$DW$38, DW_AT_bit_size(0x01)
     414                      .dwattr $C$DW$38, DW_AT_data_member_location[DW_OP_plus_uconst 0x0]
     415                      .dwattr $C$DW$38, DW_AT_accessibility(DW_ACCESS_public)
     416              
     417              $C$DW$39        .dwtag  DW_TAG_member
     418                      .dwattr $C$DW$39, DW_AT_type(*$C$DW$T$19)
     419                      .dwattr $C$DW$39, DW_AT_name("TALK")
     420                      .dwattr $C$DW$39, DW_AT_TI_symbol_name("_TALK")
     421                      .dwattr $C$DW$39, DW_AT_bit_offset(0x0e)
     422                      .dwattr $C$DW$39, DW_AT_bit_size(0x01)
     423                      .dwattr $C$DW$39, DW_AT_data_member_location[DW_OP_plus_uconst 0x0]
     424                      .dwattr $C$DW$39, DW_AT_accessibility(DW_ACCESS_public)
     425              
     426              $C$DW$40        .dwtag  DW_TAG_member
     427                      .dwattr $C$DW$40, DW_AT_type(*$C$DW$T$19)
     428                      .dwattr $C$DW$40, DW_AT_name("MASTER_SLAVE")
     429                      .dwattr $C$DW$40, DW_AT_TI_symbol_name("_MASTER_SLAVE")
     430                      .dwattr $C$DW$40, DW_AT_bit_offset(0x0d)
     431                      .dwattr $C$DW$40, DW_AT_bit_size(0x01)
     432                      .dwattr $C$DW$40, DW_AT_data_member_location[DW_OP_plus_uconst 0x0]
     433                      .dwattr $C$DW$40, DW_AT_accessibility(DW_ACCESS_public)
     434              
TMS320C2000 Assembler PC v20.2.1 Tue May 11 14:30:51 2021

Copyright (c) 1996-2018 Texas Instruments Incorporated
DRV830x_SPI.asm                                                      PAGE    9

     435              $C$DW$41        .dwtag  DW_TAG_member
     436                      .dwattr $C$DW$41, DW_AT_type(*$C$DW$T$19)
     437                      .dwattr $C$DW$41, DW_AT_name("CLK_PHASE")
     438                      .dwattr $C$DW$41, DW_AT_TI_symbol_name("_CLK_PHASE")
     439                      .dwattr $C$DW$41, DW_AT_bit_offset(0x0c)
     440                      .dwattr $C$DW$41, DW_AT_bit_size(0x01)
     441                      .dwattr $C$DW$41, DW_AT_data_member_location[DW_OP_plus_uconst 0x0]
     442                      .dwattr $C$DW$41, DW_AT_accessibility(DW_ACCESS_public)
     443              
     444              $C$DW$42        .dwtag  DW_TAG_member
     445                      .dwattr $C$DW$42, DW_AT_type(*$C$DW$T$19)
     446                      .dwattr $C$DW$42, DW_AT_name("OVERRUNINTENA")
     447                      .dwattr $C$DW$42, DW_AT_TI_symbol_name("_OVERRUNINTENA")
     448                      .dwattr $C$DW$42, DW_AT_bit_offset(0x0b)
     449                      .dwattr $C$DW$42, DW_AT_bit_size(0x01)
     450                      .dwattr $C$DW$42, DW_AT_data_member_location[DW_OP_plus_uconst 0x0]
     451                      .dwattr $C$DW$42, DW_AT_accessibility(DW_ACCESS_public)
     452              
     453              $C$DW$43        .dwtag  DW_TAG_member
     454                      .dwattr $C$DW$43, DW_AT_type(*$C$DW$T$19)
     455                      .dwattr $C$DW$43, DW_AT_name("rsvd1")
     456                      .dwattr $C$DW$43, DW_AT_TI_symbol_name("_rsvd1")
     457                      .dwattr $C$DW$43, DW_AT_bit_offset(0x00)
     458                      .dwattr $C$DW$43, DW_AT_bit_size(0x0b)
     459                      .dwattr $C$DW$43, DW_AT_data_member_location[DW_OP_plus_uconst 0x0]
     460                      .dwattr $C$DW$43, DW_AT_accessibility(DW_ACCESS_public)
     461              
     462                      .dwendtag $C$DW$T$24
     463              
     464              
     465              $C$DW$T$25      .dwtag  DW_TAG_union_type
     466                      .dwattr $C$DW$T$25, DW_AT_name("SPICTL_REG")
     467                      .dwattr $C$DW$T$25, DW_AT_byte_size(0x01)
     468              $C$DW$44        .dwtag  DW_TAG_member
     469                      .dwattr $C$DW$44, DW_AT_type(*$C$DW$T$19)
     470                      .dwattr $C$DW$44, DW_AT_name("all")
     471                      .dwattr $C$DW$44, DW_AT_TI_symbol_name("_all")
     472                      .dwattr $C$DW$44, DW_AT_data_member_location[DW_OP_plus_uconst 0x0]
     473                      .dwattr $C$DW$44, DW_AT_accessibility(DW_ACCESS_public)
     474              
     475              $C$DW$45        .dwtag  DW_TAG_member
     476                      .dwattr $C$DW$45, DW_AT_type(*$C$DW$T$24)
     477                      .dwattr $C$DW$45, DW_AT_name("bit")
     478                      .dwattr $C$DW$45, DW_AT_TI_symbol_name("_bit")
     479                      .dwattr $C$DW$45, DW_AT_data_member_location[DW_OP_plus_uconst 0x0]
     480                      .dwattr $C$DW$45, DW_AT_accessibility(DW_ACCESS_public)
     481              
     482                      .dwendtag $C$DW$T$25
     483              
     484              
     485              $C$DW$T$26      .dwtag  DW_TAG_structure_type
     486                      .dwattr $C$DW$T$26, DW_AT_name("SPIFFCT_BITS")
     487                      .dwattr $C$DW$T$26, DW_AT_byte_size(0x01)
     488              $C$DW$46        .dwtag  DW_TAG_member
     489                      .dwattr $C$DW$46, DW_AT_type(*$C$DW$T$19)
TMS320C2000 Assembler PC v20.2.1 Tue May 11 14:30:51 2021

Copyright (c) 1996-2018 Texas Instruments Incorporated
DRV830x_SPI.asm                                                      PAGE   10

     490                      .dwattr $C$DW$46, DW_AT_name("TXDLY")
     491                      .dwattr $C$DW$46, DW_AT_TI_symbol_name("_TXDLY")
     492                      .dwattr $C$DW$46, DW_AT_bit_offset(0x08)
     493                      .dwattr $C$DW$46, DW_AT_bit_size(0x08)
     494                      .dwattr $C$DW$46, DW_AT_data_member_location[DW_OP_plus_uconst 0x0]
     495                      .dwattr $C$DW$46, DW_AT_accessibility(DW_ACCESS_public)
     496              
     497              $C$DW$47        .dwtag  DW_TAG_member
     498                      .dwattr $C$DW$47, DW_AT_type(*$C$DW$T$19)
     499                      .dwattr $C$DW$47, DW_AT_name("rsvd1")
     500                      .dwattr $C$DW$47, DW_AT_TI_symbol_name("_rsvd1")
     501                      .dwattr $C$DW$47, DW_AT_bit_offset(0x00)
     502                      .dwattr $C$DW$47, DW_AT_bit_size(0x08)
     503                      .dwattr $C$DW$47, DW_AT_data_member_location[DW_OP_plus_uconst 0x0]
     504                      .dwattr $C$DW$47, DW_AT_accessibility(DW_ACCESS_public)
     505              
     506                      .dwendtag $C$DW$T$26
     507              
     508              
     509              $C$DW$T$27      .dwtag  DW_TAG_union_type
     510                      .dwattr $C$DW$T$27, DW_AT_name("SPIFFCT_REG")
     511                      .dwattr $C$DW$T$27, DW_AT_byte_size(0x01)
     512              $C$DW$48        .dwtag  DW_TAG_member
     513                      .dwattr $C$DW$48, DW_AT_type(*$C$DW$T$19)
     514                      .dwattr $C$DW$48, DW_AT_name("all")
     515                      .dwattr $C$DW$48, DW_AT_TI_symbol_name("_all")
     516                      .dwattr $C$DW$48, DW_AT_data_member_location[DW_OP_plus_uconst 0x0]
     517                      .dwattr $C$DW$48, DW_AT_accessibility(DW_ACCESS_public)
     518              
     519              $C$DW$49        .dwtag  DW_TAG_member
     520                      .dwattr $C$DW$49, DW_AT_type(*$C$DW$T$26)
     521                      .dwattr $C$DW$49, DW_AT_name("bit")
     522                      .dwattr $C$DW$49, DW_AT_TI_symbol_name("_bit")
     523                      .dwattr $C$DW$49, DW_AT_data_member_location[DW_OP_plus_uconst 0x0]
     524                      .dwattr $C$DW$49, DW_AT_accessibility(DW_ACCESS_public)
     525              
     526                      .dwendtag $C$DW$T$27
     527              
     528              
     529              $C$DW$T$28      .dwtag  DW_TAG_structure_type
     530                      .dwattr $C$DW$T$28, DW_AT_name("SPIFFRX_BITS")
     531                      .dwattr $C$DW$T$28, DW_AT_byte_size(0x01)
     532              $C$DW$50        .dwtag  DW_TAG_member
     533                      .dwattr $C$DW$50, DW_AT_type(*$C$DW$T$19)
     534                      .dwattr $C$DW$50, DW_AT_name("RXFFIL")
     535                      .dwattr $C$DW$50, DW_AT_TI_symbol_name("_RXFFIL")
     536                      .dwattr $C$DW$50, DW_AT_bit_offset(0x0b)
     537                      .dwattr $C$DW$50, DW_AT_bit_size(0x05)
     538                      .dwattr $C$DW$50, DW_AT_data_member_location[DW_OP_plus_uconst 0x0]
     539                      .dwattr $C$DW$50, DW_AT_accessibility(DW_ACCESS_public)
     540              
     541              $C$DW$51        .dwtag  DW_TAG_member
     542                      .dwattr $C$DW$51, DW_AT_type(*$C$DW$T$19)
     543                      .dwattr $C$DW$51, DW_AT_name("RXFFIENA")
     544                      .dwattr $C$DW$51, DW_AT_TI_symbol_name("_RXFFIENA")
TMS320C2000 Assembler PC v20.2.1 Tue May 11 14:30:51 2021

Copyright (c) 1996-2018 Texas Instruments Incorporated
DRV830x_SPI.asm                                                      PAGE   11

     545                      .dwattr $C$DW$51, DW_AT_bit_offset(0x0a)
     546                      .dwattr $C$DW$51, DW_AT_bit_size(0x01)
     547                      .dwattr $C$DW$51, DW_AT_data_member_location[DW_OP_plus_uconst 0x0]
     548                      .dwattr $C$DW$51, DW_AT_accessibility(DW_ACCESS_public)
     549              
     550              $C$DW$52        .dwtag  DW_TAG_member
     551                      .dwattr $C$DW$52, DW_AT_type(*$C$DW$T$19)
     552                      .dwattr $C$DW$52, DW_AT_name("RXFFINTCLR")
     553                      .dwattr $C$DW$52, DW_AT_TI_symbol_name("_RXFFINTCLR")
     554                      .dwattr $C$DW$52, DW_AT_bit_offset(0x09)
     555                      .dwattr $C$DW$52, DW_AT_bit_size(0x01)
     556                      .dwattr $C$DW$52, DW_AT_data_member_location[DW_OP_plus_uconst 0x0]
     557                      .dwattr $C$DW$52, DW_AT_accessibility(DW_ACCESS_public)
     558              
     559              $C$DW$53        .dwtag  DW_TAG_member
     560                      .dwattr $C$DW$53, DW_AT_type(*$C$DW$T$19)
     561                      .dwattr $C$DW$53, DW_AT_name("RXFFINT")
     562                      .dwattr $C$DW$53, DW_AT_TI_symbol_name("_RXFFINT")
     563                      .dwattr $C$DW$53, DW_AT_bit_offset(0x08)
     564                      .dwattr $C$DW$53, DW_AT_bit_size(0x01)
     565                      .dwattr $C$DW$53, DW_AT_data_member_location[DW_OP_plus_uconst 0x0]
     566                      .dwattr $C$DW$53, DW_AT_accessibility(DW_ACCESS_public)
     567              
     568              $C$DW$54        .dwtag  DW_TAG_member
     569                      .dwattr $C$DW$54, DW_AT_type(*$C$DW$T$19)
     570                      .dwattr $C$DW$54, DW_AT_name("RXFFST")
     571                      .dwattr $C$DW$54, DW_AT_TI_symbol_name("_RXFFST")
     572                      .dwattr $C$DW$54, DW_AT_bit_offset(0x03)
     573                      .dwattr $C$DW$54, DW_AT_bit_size(0x05)
     574                      .dwattr $C$DW$54, DW_AT_data_member_location[DW_OP_plus_uconst 0x0]
     575                      .dwattr $C$DW$54, DW_AT_accessibility(DW_ACCESS_public)
     576              
     577              $C$DW$55        .dwtag  DW_TAG_member
     578                      .dwattr $C$DW$55, DW_AT_type(*$C$DW$T$19)
     579                      .dwattr $C$DW$55, DW_AT_name("RXFIFORESET")
     580                      .dwattr $C$DW$55, DW_AT_TI_symbol_name("_RXFIFORESET")
     581                      .dwattr $C$DW$55, DW_AT_bit_offset(0x02)
     582                      .dwattr $C$DW$55, DW_AT_bit_size(0x01)
     583                      .dwattr $C$DW$55, DW_AT_data_member_location[DW_OP_plus_uconst 0x0]
     584                      .dwattr $C$DW$55, DW_AT_accessibility(DW_ACCESS_public)
     585              
     586              $C$DW$56        .dwtag  DW_TAG_member
     587                      .dwattr $C$DW$56, DW_AT_type(*$C$DW$T$19)
     588                      .dwattr $C$DW$56, DW_AT_name("RXFFOVFCLR")
     589                      .dwattr $C$DW$56, DW_AT_TI_symbol_name("_RXFFOVFCLR")
     590                      .dwattr $C$DW$56, DW_AT_bit_offset(0x01)
     591                      .dwattr $C$DW$56, DW_AT_bit_size(0x01)
     592                      .dwattr $C$DW$56, DW_AT_data_member_location[DW_OP_plus_uconst 0x0]
     593                      .dwattr $C$DW$56, DW_AT_accessibility(DW_ACCESS_public)
     594              
     595              $C$DW$57        .dwtag  DW_TAG_member
     596                      .dwattr $C$DW$57, DW_AT_type(*$C$DW$T$19)
     597                      .dwattr $C$DW$57, DW_AT_name("RXFFOVF")
     598                      .dwattr $C$DW$57, DW_AT_TI_symbol_name("_RXFFOVF")
     599                      .dwattr $C$DW$57, DW_AT_bit_offset(0x00)
TMS320C2000 Assembler PC v20.2.1 Tue May 11 14:30:51 2021

Copyright (c) 1996-2018 Texas Instruments Incorporated
DRV830x_SPI.asm                                                      PAGE   12

     600                      .dwattr $C$DW$57, DW_AT_bit_size(0x01)
     601                      .dwattr $C$DW$57, DW_AT_data_member_location[DW_OP_plus_uconst 0x0]
     602                      .dwattr $C$DW$57, DW_AT_accessibility(DW_ACCESS_public)
     603              
     604                      .dwendtag $C$DW$T$28
     605              
     606              
     607              $C$DW$T$29      .dwtag  DW_TAG_union_type
     608                      .dwattr $C$DW$T$29, DW_AT_name("SPIFFRX_REG")
     609                      .dwattr $C$DW$T$29, DW_AT_byte_size(0x01)
     610              $C$DW$58        .dwtag  DW_TAG_member
     611                      .dwattr $C$DW$58, DW_AT_type(*$C$DW$T$19)
     612                      .dwattr $C$DW$58, DW_AT_name("all")
     613                      .dwattr $C$DW$58, DW_AT_TI_symbol_name("_all")
     614                      .dwattr $C$DW$58, DW_AT_data_member_location[DW_OP_plus_uconst 0x0]
     615                      .dwattr $C$DW$58, DW_AT_accessibility(DW_ACCESS_public)
     616              
     617              $C$DW$59        .dwtag  DW_TAG_member
     618                      .dwattr $C$DW$59, DW_AT_type(*$C$DW$T$28)
     619                      .dwattr $C$DW$59, DW_AT_name("bit")
     620                      .dwattr $C$DW$59, DW_AT_TI_symbol_name("_bit")
     621                      .dwattr $C$DW$59, DW_AT_data_member_location[DW_OP_plus_uconst 0x0]
     622                      .dwattr $C$DW$59, DW_AT_accessibility(DW_ACCESS_public)
     623              
     624                      .dwendtag $C$DW$T$29
     625              
     626              
     627              $C$DW$T$30      .dwtag  DW_TAG_structure_type
     628                      .dwattr $C$DW$T$30, DW_AT_name("SPIFFTX_BITS")
     629                      .dwattr $C$DW$T$30, DW_AT_byte_size(0x01)
     630              $C$DW$60        .dwtag  DW_TAG_member
     631                      .dwattr $C$DW$60, DW_AT_type(*$C$DW$T$19)
     632                      .dwattr $C$DW$60, DW_AT_name("TXFFIL")
     633                      .dwattr $C$DW$60, DW_AT_TI_symbol_name("_TXFFIL")
     634                      .dwattr $C$DW$60, DW_AT_bit_offset(0x0b)
     635                      .dwattr $C$DW$60, DW_AT_bit_size(0x05)
     636                      .dwattr $C$DW$60, DW_AT_data_member_location[DW_OP_plus_uconst 0x0]
     637                      .dwattr $C$DW$60, DW_AT_accessibility(DW_ACCESS_public)
     638              
     639              $C$DW$61        .dwtag  DW_TAG_member
     640                      .dwattr $C$DW$61, DW_AT_type(*$C$DW$T$19)
     641                      .dwattr $C$DW$61, DW_AT_name("TXFFIENA")
     642                      .dwattr $C$DW$61, DW_AT_TI_symbol_name("_TXFFIENA")
     643                      .dwattr $C$DW$61, DW_AT_bit_offset(0x0a)
     644                      .dwattr $C$DW$61, DW_AT_bit_size(0x01)
     645                      .dwattr $C$DW$61, DW_AT_data_member_location[DW_OP_plus_uconst 0x0]
     646                      .dwattr $C$DW$61, DW_AT_accessibility(DW_ACCESS_public)
     647              
     648              $C$DW$62        .dwtag  DW_TAG_member
     649                      .dwattr $C$DW$62, DW_AT_type(*$C$DW$T$19)
     650                      .dwattr $C$DW$62, DW_AT_name("TXFFINTCLR")
     651                      .dwattr $C$DW$62, DW_AT_TI_symbol_name("_TXFFINTCLR")
     652                      .dwattr $C$DW$62, DW_AT_bit_offset(0x09)
     653                      .dwattr $C$DW$62, DW_AT_bit_size(0x01)
     654                      .dwattr $C$DW$62, DW_AT_data_member_location[DW_OP_plus_uconst 0x0]
TMS320C2000 Assembler PC v20.2.1 Tue May 11 14:30:51 2021

Copyright (c) 1996-2018 Texas Instruments Incorporated
DRV830x_SPI.asm                                                      PAGE   13

     655                      .dwattr $C$DW$62, DW_AT_accessibility(DW_ACCESS_public)
     656              
     657              $C$DW$63        .dwtag  DW_TAG_member
     658                      .dwattr $C$DW$63, DW_AT_type(*$C$DW$T$19)
     659                      .dwattr $C$DW$63, DW_AT_name("TXFFINT")
     660                      .dwattr $C$DW$63, DW_AT_TI_symbol_name("_TXFFINT")
     661                      .dwattr $C$DW$63, DW_AT_bit_offset(0x08)
     662                      .dwattr $C$DW$63, DW_AT_bit_size(0x01)
     663                      .dwattr $C$DW$63, DW_AT_data_member_location[DW_OP_plus_uconst 0x0]
     664                      .dwattr $C$DW$63, DW_AT_accessibility(DW_ACCESS_public)
     665              
     666              $C$DW$64        .dwtag  DW_TAG_member
     667                      .dwattr $C$DW$64, DW_AT_type(*$C$DW$T$19)
     668                      .dwattr $C$DW$64, DW_AT_name("TXFFST")
     669                      .dwattr $C$DW$64, DW_AT_TI_symbol_name("_TXFFST")
     670                      .dwattr $C$DW$64, DW_AT_bit_offset(0x03)
     671                      .dwattr $C$DW$64, DW_AT_bit_size(0x05)
     672                      .dwattr $C$DW$64, DW_AT_data_member_location[DW_OP_plus_uconst 0x0]
     673                      .dwattr $C$DW$64, DW_AT_accessibility(DW_ACCESS_public)
     674              
     675              $C$DW$65        .dwtag  DW_TAG_member
     676                      .dwattr $C$DW$65, DW_AT_type(*$C$DW$T$19)
     677                      .dwattr $C$DW$65, DW_AT_name("TXFIFO")
     678                      .dwattr $C$DW$65, DW_AT_TI_symbol_name("_TXFIFO")
     679                      .dwattr $C$DW$65, DW_AT_bit_offset(0x02)
     680                      .dwattr $C$DW$65, DW_AT_bit_size(0x01)
     681                      .dwattr $C$DW$65, DW_AT_data_member_location[DW_OP_plus_uconst 0x0]
     682                      .dwattr $C$DW$65, DW_AT_accessibility(DW_ACCESS_public)
     683              
     684              $C$DW$66        .dwtag  DW_TAG_member
     685                      .dwattr $C$DW$66, DW_AT_type(*$C$DW$T$19)
     686                      .dwattr $C$DW$66, DW_AT_name("SPIFFENA")
     687                      .dwattr $C$DW$66, DW_AT_TI_symbol_name("_SPIFFENA")
     688                      .dwattr $C$DW$66, DW_AT_bit_offset(0x01)
     689                      .dwattr $C$DW$66, DW_AT_bit_size(0x01)
     690                      .dwattr $C$DW$66, DW_AT_data_member_location[DW_OP_plus_uconst 0x0]
     691                      .dwattr $C$DW$66, DW_AT_accessibility(DW_ACCESS_public)
     692              
     693              $C$DW$67        .dwtag  DW_TAG_member
     694                      .dwattr $C$DW$67, DW_AT_type(*$C$DW$T$19)
     695                      .dwattr $C$DW$67, DW_AT_name("SPIRST")
     696                      .dwattr $C$DW$67, DW_AT_TI_symbol_name("_SPIRST")
     697                      .dwattr $C$DW$67, DW_AT_bit_offset(0x00)
     698                      .dwattr $C$DW$67, DW_AT_bit_size(0x01)
     699                      .dwattr $C$DW$67, DW_AT_data_member_location[DW_OP_plus_uconst 0x0]
     700                      .dwattr $C$DW$67, DW_AT_accessibility(DW_ACCESS_public)
     701              
     702                      .dwendtag $C$DW$T$30
     703              
     704              
     705              $C$DW$T$31      .dwtag  DW_TAG_union_type
     706                      .dwattr $C$DW$T$31, DW_AT_name("SPIFFTX_REG")
     707                      .dwattr $C$DW$T$31, DW_AT_byte_size(0x01)
     708              $C$DW$68        .dwtag  DW_TAG_member
     709                      .dwattr $C$DW$68, DW_AT_type(*$C$DW$T$19)
TMS320C2000 Assembler PC v20.2.1 Tue May 11 14:30:51 2021

Copyright (c) 1996-2018 Texas Instruments Incorporated
DRV830x_SPI.asm                                                      PAGE   14

     710                      .dwattr $C$DW$68, DW_AT_name("all")
     711                      .dwattr $C$DW$68, DW_AT_TI_symbol_name("_all")
     712                      .dwattr $C$DW$68, DW_AT_data_member_location[DW_OP_plus_uconst 0x0]
     713                      .dwattr $C$DW$68, DW_AT_accessibility(DW_ACCESS_public)
     714              
     715              $C$DW$69        .dwtag  DW_TAG_member
     716                      .dwattr $C$DW$69, DW_AT_type(*$C$DW$T$30)
     717                      .dwattr $C$DW$69, DW_AT_name("bit")
     718                      .dwattr $C$DW$69, DW_AT_TI_symbol_name("_bit")
     719                      .dwattr $C$DW$69, DW_AT_data_member_location[DW_OP_plus_uconst 0x0]
     720                      .dwattr $C$DW$69, DW_AT_accessibility(DW_ACCESS_public)
     721              
     722                      .dwendtag $C$DW$T$31
     723              
     724              
     725              $C$DW$T$32      .dwtag  DW_TAG_structure_type
     726                      .dwattr $C$DW$T$32, DW_AT_name("SPIPRI_BITS")
     727                      .dwattr $C$DW$T$32, DW_AT_byte_size(0x01)
     728              $C$DW$70        .dwtag  DW_TAG_member
     729                      .dwattr $C$DW$70, DW_AT_type(*$C$DW$T$19)
     730                      .dwattr $C$DW$70, DW_AT_name("TRIWIRE")
     731                      .dwattr $C$DW$70, DW_AT_TI_symbol_name("_TRIWIRE")
     732                      .dwattr $C$DW$70, DW_AT_bit_offset(0x0f)
     733                      .dwattr $C$DW$70, DW_AT_bit_size(0x01)
     734                      .dwattr $C$DW$70, DW_AT_data_member_location[DW_OP_plus_uconst 0x0]
     735                      .dwattr $C$DW$70, DW_AT_accessibility(DW_ACCESS_public)
     736              
     737              $C$DW$71        .dwtag  DW_TAG_member
     738                      .dwattr $C$DW$71, DW_AT_type(*$C$DW$T$19)
     739                      .dwattr $C$DW$71, DW_AT_name("STEINV")
     740                      .dwattr $C$DW$71, DW_AT_TI_symbol_name("_STEINV")
     741                      .dwattr $C$DW$71, DW_AT_bit_offset(0x0e)
     742                      .dwattr $C$DW$71, DW_AT_bit_size(0x01)
     743                      .dwattr $C$DW$71, DW_AT_data_member_location[DW_OP_plus_uconst 0x0]
     744                      .dwattr $C$DW$71, DW_AT_accessibility(DW_ACCESS_public)
     745              
     746              $C$DW$72        .dwtag  DW_TAG_member
     747                      .dwattr $C$DW$72, DW_AT_type(*$C$DW$T$19)
     748                      .dwattr $C$DW$72, DW_AT_name("rsvd1")
     749                      .dwattr $C$DW$72, DW_AT_TI_symbol_name("_rsvd1")
     750                      .dwattr $C$DW$72, DW_AT_bit_offset(0x0c)
     751                      .dwattr $C$DW$72, DW_AT_bit_size(0x02)
     752                      .dwattr $C$DW$72, DW_AT_data_member_location[DW_OP_plus_uconst 0x0]
     753                      .dwattr $C$DW$72, DW_AT_accessibility(DW_ACCESS_public)
     754              
     755              $C$DW$73        .dwtag  DW_TAG_member
     756                      .dwattr $C$DW$73, DW_AT_type(*$C$DW$T$19)
     757                      .dwattr $C$DW$73, DW_AT_name("FREE")
     758                      .dwattr $C$DW$73, DW_AT_TI_symbol_name("_FREE")
     759                      .dwattr $C$DW$73, DW_AT_bit_offset(0x0b)
     760                      .dwattr $C$DW$73, DW_AT_bit_size(0x01)
     761                      .dwattr $C$DW$73, DW_AT_data_member_location[DW_OP_plus_uconst 0x0]
     762                      .dwattr $C$DW$73, DW_AT_accessibility(DW_ACCESS_public)
     763              
     764              $C$DW$74        .dwtag  DW_TAG_member
TMS320C2000 Assembler PC v20.2.1 Tue May 11 14:30:51 2021

Copyright (c) 1996-2018 Texas Instruments Incorporated
DRV830x_SPI.asm                                                      PAGE   15

     765                      .dwattr $C$DW$74, DW_AT_type(*$C$DW$T$19)
     766                      .dwattr $C$DW$74, DW_AT_name("SOFT")
     767                      .dwattr $C$DW$74, DW_AT_TI_symbol_name("_SOFT")
     768                      .dwattr $C$DW$74, DW_AT_bit_offset(0x0a)
     769                      .dwattr $C$DW$74, DW_AT_bit_size(0x01)
     770                      .dwattr $C$DW$74, DW_AT_data_member_location[DW_OP_plus_uconst 0x0]
     771                      .dwattr $C$DW$74, DW_AT_accessibility(DW_ACCESS_public)
     772              
     773              $C$DW$75        .dwtag  DW_TAG_member
     774                      .dwattr $C$DW$75, DW_AT_type(*$C$DW$T$19)
     775                      .dwattr $C$DW$75, DW_AT_name("rsvd2")
     776                      .dwattr $C$DW$75, DW_AT_TI_symbol_name("_rsvd2")
     777                      .dwattr $C$DW$75, DW_AT_bit_offset(0x09)
     778                      .dwattr $C$DW$75, DW_AT_bit_size(0x01)
     779                      .dwattr $C$DW$75, DW_AT_data_member_location[DW_OP_plus_uconst 0x0]
     780                      .dwattr $C$DW$75, DW_AT_accessibility(DW_ACCESS_public)
     781              
     782              $C$DW$76        .dwtag  DW_TAG_member
     783                      .dwattr $C$DW$76, DW_AT_type(*$C$DW$T$19)
     784                      .dwattr $C$DW$76, DW_AT_name("rsvd3")
     785                      .dwattr $C$DW$76, DW_AT_TI_symbol_name("_rsvd3")
     786                      .dwattr $C$DW$76, DW_AT_bit_offset(0x00)
     787                      .dwattr $C$DW$76, DW_AT_bit_size(0x09)
     788                      .dwattr $C$DW$76, DW_AT_data_member_location[DW_OP_plus_uconst 0x0]
     789                      .dwattr $C$DW$76, DW_AT_accessibility(DW_ACCESS_public)
     790              
     791                      .dwendtag $C$DW$T$32
     792              
     793              
     794              $C$DW$T$33      .dwtag  DW_TAG_union_type
     795                      .dwattr $C$DW$T$33, DW_AT_name("SPIPRI_REG")
     796                      .dwattr $C$DW$T$33, DW_AT_byte_size(0x01)
     797              $C$DW$77        .dwtag  DW_TAG_member
     798                      .dwattr $C$DW$77, DW_AT_type(*$C$DW$T$19)
     799                      .dwattr $C$DW$77, DW_AT_name("all")
     800                      .dwattr $C$DW$77, DW_AT_TI_symbol_name("_all")
     801                      .dwattr $C$DW$77, DW_AT_data_member_location[DW_OP_plus_uconst 0x0]
     802                      .dwattr $C$DW$77, DW_AT_accessibility(DW_ACCESS_public)
     803              
     804              $C$DW$78        .dwtag  DW_TAG_member
     805                      .dwattr $C$DW$78, DW_AT_type(*$C$DW$T$32)
     806                      .dwattr $C$DW$78, DW_AT_name("bit")
     807                      .dwattr $C$DW$78, DW_AT_TI_symbol_name("_bit")
     808                      .dwattr $C$DW$78, DW_AT_data_member_location[DW_OP_plus_uconst 0x0]
     809                      .dwattr $C$DW$78, DW_AT_accessibility(DW_ACCESS_public)
     810              
     811                      .dwendtag $C$DW$T$33
     812              
     813              
     814              $C$DW$T$34      .dwtag  DW_TAG_structure_type
     815                      .dwattr $C$DW$T$34, DW_AT_name("SPISTS_BITS")
     816                      .dwattr $C$DW$T$34, DW_AT_byte_size(0x01)
     817              $C$DW$79        .dwtag  DW_TAG_member
     818                      .dwattr $C$DW$79, DW_AT_type(*$C$DW$T$19)
     819                      .dwattr $C$DW$79, DW_AT_name("rsvd1")
TMS320C2000 Assembler PC v20.2.1 Tue May 11 14:30:51 2021

Copyright (c) 1996-2018 Texas Instruments Incorporated
DRV830x_SPI.asm                                                      PAGE   16

     820                      .dwattr $C$DW$79, DW_AT_TI_symbol_name("_rsvd1")
     821                      .dwattr $C$DW$79, DW_AT_bit_offset(0x0b)
     822                      .dwattr $C$DW$79, DW_AT_bit_size(0x05)
     823                      .dwattr $C$DW$79, DW_AT_data_member_location[DW_OP_plus_uconst 0x0]
     824                      .dwattr $C$DW$79, DW_AT_accessibility(DW_ACCESS_public)
     825              
     826              $C$DW$80        .dwtag  DW_TAG_member
     827                      .dwattr $C$DW$80, DW_AT_type(*$C$DW$T$19)
     828                      .dwattr $C$DW$80, DW_AT_name("BUFFULL_FLAG")
     829                      .dwattr $C$DW$80, DW_AT_TI_symbol_name("_BUFFULL_FLAG")
     830                      .dwattr $C$DW$80, DW_AT_bit_offset(0x0a)
     831                      .dwattr $C$DW$80, DW_AT_bit_size(0x01)
     832                      .dwattr $C$DW$80, DW_AT_data_member_location[DW_OP_plus_uconst 0x0]
     833                      .dwattr $C$DW$80, DW_AT_accessibility(DW_ACCESS_public)
     834              
     835              $C$DW$81        .dwtag  DW_TAG_member
     836                      .dwattr $C$DW$81, DW_AT_type(*$C$DW$T$19)
     837                      .dwattr $C$DW$81, DW_AT_name("INT_FLAG")
     838                      .dwattr $C$DW$81, DW_AT_TI_symbol_name("_INT_FLAG")
     839                      .dwattr $C$DW$81, DW_AT_bit_offset(0x09)
     840                      .dwattr $C$DW$81, DW_AT_bit_size(0x01)
     841                      .dwattr $C$DW$81, DW_AT_data_member_location[DW_OP_plus_uconst 0x0]
     842                      .dwattr $C$DW$81, DW_AT_accessibility(DW_ACCESS_public)
     843              
     844              $C$DW$82        .dwtag  DW_TAG_member
     845                      .dwattr $C$DW$82, DW_AT_type(*$C$DW$T$19)
     846                      .dwattr $C$DW$82, DW_AT_name("OVERRUN_FLAG")
     847                      .dwattr $C$DW$82, DW_AT_TI_symbol_name("_OVERRUN_FLAG")
     848                      .dwattr $C$DW$82, DW_AT_bit_offset(0x08)
     849                      .dwattr $C$DW$82, DW_AT_bit_size(0x01)
     850                      .dwattr $C$DW$82, DW_AT_data_member_location[DW_OP_plus_uconst 0x0]
     851                      .dwattr $C$DW$82, DW_AT_accessibility(DW_ACCESS_public)
     852              
     853              $C$DW$83        .dwtag  DW_TAG_member
     854                      .dwattr $C$DW$83, DW_AT_type(*$C$DW$T$19)
     855                      .dwattr $C$DW$83, DW_AT_name("rsvd2")
     856                      .dwattr $C$DW$83, DW_AT_TI_symbol_name("_rsvd2")
     857                      .dwattr $C$DW$83, DW_AT_bit_offset(0x00)
     858                      .dwattr $C$DW$83, DW_AT_bit_size(0x08)
     859                      .dwattr $C$DW$83, DW_AT_data_member_location[DW_OP_plus_uconst 0x0]
     860                      .dwattr $C$DW$83, DW_AT_accessibility(DW_ACCESS_public)
     861              
     862                      .dwendtag $C$DW$T$34
     863              
     864              
     865              $C$DW$T$35      .dwtag  DW_TAG_union_type
     866                      .dwattr $C$DW$T$35, DW_AT_name("SPISTS_REG")
     867                      .dwattr $C$DW$T$35, DW_AT_byte_size(0x01)
     868              $C$DW$84        .dwtag  DW_TAG_member
     869                      .dwattr $C$DW$84, DW_AT_type(*$C$DW$T$19)
     870                      .dwattr $C$DW$84, DW_AT_name("all")
     871                      .dwattr $C$DW$84, DW_AT_TI_symbol_name("_all")
     872                      .dwattr $C$DW$84, DW_AT_data_member_location[DW_OP_plus_uconst 0x0]
     873                      .dwattr $C$DW$84, DW_AT_accessibility(DW_ACCESS_public)
     874              
TMS320C2000 Assembler PC v20.2.1 Tue May 11 14:30:51 2021

Copyright (c) 1996-2018 Texas Instruments Incorporated
DRV830x_SPI.asm                                                      PAGE   17

     875              $C$DW$85        .dwtag  DW_TAG_member
     876                      .dwattr $C$DW$85, DW_AT_type(*$C$DW$T$34)
     877                      .dwattr $C$DW$85, DW_AT_name("bit")
     878                      .dwattr $C$DW$85, DW_AT_TI_symbol_name("_bit")
     879                      .dwattr $C$DW$85, DW_AT_data_member_location[DW_OP_plus_uconst 0x0]
     880                      .dwattr $C$DW$85, DW_AT_accessibility(DW_ACCESS_public)
     881              
     882                      .dwendtag $C$DW$T$35
     883              
     884              
     885              $C$DW$T$37      .dwtag  DW_TAG_structure_type
     886                      .dwattr $C$DW$T$37, DW_AT_name("SPI_REGS")
     887                      .dwattr $C$DW$T$37, DW_AT_byte_size(0x10)
     888              $C$DW$86        .dwtag  DW_TAG_member
     889                      .dwattr $C$DW$86, DW_AT_type(*$C$DW$T$23)
     890                      .dwattr $C$DW$86, DW_AT_name("SPICCR")
     891                      .dwattr $C$DW$86, DW_AT_TI_symbol_name("_SPICCR")
     892                      .dwattr $C$DW$86, DW_AT_data_member_location[DW_OP_plus_uconst 0x0]
     893                      .dwattr $C$DW$86, DW_AT_accessibility(DW_ACCESS_public)
     894              
     895              $C$DW$87        .dwtag  DW_TAG_member
     896                      .dwattr $C$DW$87, DW_AT_type(*$C$DW$T$25)
     897                      .dwattr $C$DW$87, DW_AT_name("SPICTL")
     898                      .dwattr $C$DW$87, DW_AT_TI_symbol_name("_SPICTL")
     899                      .dwattr $C$DW$87, DW_AT_data_member_location[DW_OP_plus_uconst 0x1]
     900                      .dwattr $C$DW$87, DW_AT_accessibility(DW_ACCESS_public)
     901              
     902              $C$DW$88        .dwtag  DW_TAG_member
     903                      .dwattr $C$DW$88, DW_AT_type(*$C$DW$T$35)
     904                      .dwattr $C$DW$88, DW_AT_name("SPISTS")
     905                      .dwattr $C$DW$88, DW_AT_TI_symbol_name("_SPISTS")
     906                      .dwattr $C$DW$88, DW_AT_data_member_location[DW_OP_plus_uconst 0x2]
     907                      .dwattr $C$DW$88, DW_AT_accessibility(DW_ACCESS_public)
     908              
     909              $C$DW$89        .dwtag  DW_TAG_member
     910                      .dwattr $C$DW$89, DW_AT_type(*$C$DW$T$19)
     911                      .dwattr $C$DW$89, DW_AT_name("rsvd1")
     912                      .dwattr $C$DW$89, DW_AT_TI_symbol_name("_rsvd1")
     913                      .dwattr $C$DW$89, DW_AT_data_member_location[DW_OP_plus_uconst 0x3]
     914                      .dwattr $C$DW$89, DW_AT_accessibility(DW_ACCESS_public)
     915              
     916              $C$DW$90        .dwtag  DW_TAG_member
     917                      .dwattr $C$DW$90, DW_AT_type(*$C$DW$T$21)
     918                      .dwattr $C$DW$90, DW_AT_name("SPIBRR")
     919                      .dwattr $C$DW$90, DW_AT_TI_symbol_name("_SPIBRR")
     920                      .dwattr $C$DW$90, DW_AT_data_member_location[DW_OP_plus_uconst 0x4]
     921                      .dwattr $C$DW$90, DW_AT_accessibility(DW_ACCESS_public)
     922              
     923              $C$DW$91        .dwtag  DW_TAG_member
     924                      .dwattr $C$DW$91, DW_AT_type(*$C$DW$T$19)
     925                      .dwattr $C$DW$91, DW_AT_name("rsvd2")
     926                      .dwattr $C$DW$91, DW_AT_TI_symbol_name("_rsvd2")
     927                      .dwattr $C$DW$91, DW_AT_data_member_location[DW_OP_plus_uconst 0x5]
     928                      .dwattr $C$DW$91, DW_AT_accessibility(DW_ACCESS_public)
     929              
TMS320C2000 Assembler PC v20.2.1 Tue May 11 14:30:51 2021

Copyright (c) 1996-2018 Texas Instruments Incorporated
DRV830x_SPI.asm                                                      PAGE   18

     930              $C$DW$92        .dwtag  DW_TAG_member
     931                      .dwattr $C$DW$92, DW_AT_type(*$C$DW$T$19)
     932                      .dwattr $C$DW$92, DW_AT_name("SPIRXEMU")
     933                      .dwattr $C$DW$92, DW_AT_TI_symbol_name("_SPIRXEMU")
     934                      .dwattr $C$DW$92, DW_AT_data_member_location[DW_OP_plus_uconst 0x6]
     935                      .dwattr $C$DW$92, DW_AT_accessibility(DW_ACCESS_public)
     936              
     937              $C$DW$93        .dwtag  DW_TAG_member
     938                      .dwattr $C$DW$93, DW_AT_type(*$C$DW$T$19)
     939                      .dwattr $C$DW$93, DW_AT_name("SPIRXBUF")
     940                      .dwattr $C$DW$93, DW_AT_TI_symbol_name("_SPIRXBUF")
     941                      .dwattr $C$DW$93, DW_AT_data_member_location[DW_OP_plus_uconst 0x7]
     942                      .dwattr $C$DW$93, DW_AT_accessibility(DW_ACCESS_public)
     943              
     944              $C$DW$94        .dwtag  DW_TAG_member
     945                      .dwattr $C$DW$94, DW_AT_type(*$C$DW$T$19)
     946                      .dwattr $C$DW$94, DW_AT_name("SPITXBUF")
     947                      .dwattr $C$DW$94, DW_AT_TI_symbol_name("_SPITXBUF")
     948                      .dwattr $C$DW$94, DW_AT_data_member_location[DW_OP_plus_uconst 0x8]
     949                      .dwattr $C$DW$94, DW_AT_accessibility(DW_ACCESS_public)
     950              
     951              $C$DW$95        .dwtag  DW_TAG_member
     952                      .dwattr $C$DW$95, DW_AT_type(*$C$DW$T$19)
     953                      .dwattr $C$DW$95, DW_AT_name("SPIDAT")
     954                      .dwattr $C$DW$95, DW_AT_TI_symbol_name("_SPIDAT")
     955                      .dwattr $C$DW$95, DW_AT_data_member_location[DW_OP_plus_uconst 0x9]
     956                      .dwattr $C$DW$95, DW_AT_accessibility(DW_ACCESS_public)
     957              
     958              $C$DW$96        .dwtag  DW_TAG_member
     959                      .dwattr $C$DW$96, DW_AT_type(*$C$DW$T$31)
     960                      .dwattr $C$DW$96, DW_AT_name("SPIFFTX")
     961                      .dwattr $C$DW$96, DW_AT_TI_symbol_name("_SPIFFTX")
     962                      .dwattr $C$DW$96, DW_AT_data_member_location[DW_OP_plus_uconst 0xa]
     963                      .dwattr $C$DW$96, DW_AT_accessibility(DW_ACCESS_public)
     964              
     965              $C$DW$97        .dwtag  DW_TAG_member
     966                      .dwattr $C$DW$97, DW_AT_type(*$C$DW$T$29)
     967                      .dwattr $C$DW$97, DW_AT_name("SPIFFRX")
     968                      .dwattr $C$DW$97, DW_AT_TI_symbol_name("_SPIFFRX")
     969                      .dwattr $C$DW$97, DW_AT_data_member_location[DW_OP_plus_uconst 0xb]
     970                      .dwattr $C$DW$97, DW_AT_accessibility(DW_ACCESS_public)
     971              
     972              $C$DW$98        .dwtag  DW_TAG_member
     973                      .dwattr $C$DW$98, DW_AT_type(*$C$DW$T$27)
     974                      .dwattr $C$DW$98, DW_AT_name("SPIFFCT")
     975                      .dwattr $C$DW$98, DW_AT_TI_symbol_name("_SPIFFCT")
     976                      .dwattr $C$DW$98, DW_AT_data_member_location[DW_OP_plus_uconst 0xc]
     977                      .dwattr $C$DW$98, DW_AT_accessibility(DW_ACCESS_public)
     978              
     979              $C$DW$99        .dwtag  DW_TAG_member
     980                      .dwattr $C$DW$99, DW_AT_type(*$C$DW$T$36)
     981                      .dwattr $C$DW$99, DW_AT_name("rsvd3")
     982                      .dwattr $C$DW$99, DW_AT_TI_symbol_name("_rsvd3")
     983                      .dwattr $C$DW$99, DW_AT_data_member_location[DW_OP_plus_uconst 0xd]
     984                      .dwattr $C$DW$99, DW_AT_accessibility(DW_ACCESS_public)
TMS320C2000 Assembler PC v20.2.1 Tue May 11 14:30:51 2021

Copyright (c) 1996-2018 Texas Instruments Incorporated
DRV830x_SPI.asm                                                      PAGE   19

     985              
     986              $C$DW$100       .dwtag  DW_TAG_member
     987                      .dwattr $C$DW$100, DW_AT_type(*$C$DW$T$33)
     988                      .dwattr $C$DW$100, DW_AT_name("SPIPRI")
     989                      .dwattr $C$DW$100, DW_AT_TI_symbol_name("_SPIPRI")
     990                      .dwattr $C$DW$100, DW_AT_data_member_location[DW_OP_plus_uconst 0xf]
     991                      .dwattr $C$DW$100, DW_AT_accessibility(DW_ACCESS_public)
     992              
     993                      .dwendtag $C$DW$T$37
     994              
     995              $C$DW$101       .dwtag  DW_TAG_TI_far_type
     996                      .dwattr $C$DW$101, DW_AT_type(*$C$DW$T$37)
     997              
     998              $C$DW$T$40      .dwtag  DW_TAG_volatile_type
     999                      .dwattr $C$DW$T$40, DW_AT_type(*$C$DW$101)
    1000              
    1001              $C$DW$T$41      .dwtag  DW_TAG_pointer_type
    1002                      .dwattr $C$DW$T$41, DW_AT_type(*$C$DW$T$40)
    1003                      .dwattr $C$DW$T$41, DW_AT_address_class(0x20)
    1004              
    1005              $C$DW$T$2       .dwtag  DW_TAG_unspecified_type
    1006                      .dwattr $C$DW$T$2, DW_AT_name("void")
    1007              
    1008              $C$DW$T$4       .dwtag  DW_TAG_base_type
    1009                      .dwattr $C$DW$T$4, DW_AT_encoding(DW_ATE_boolean)
    1010                      .dwattr $C$DW$T$4, DW_AT_name("bool")
    1011                      .dwattr $C$DW$T$4, DW_AT_byte_size(0x01)
    1012              
    1013              $C$DW$T$5       .dwtag  DW_TAG_base_type
    1014                      .dwattr $C$DW$T$5, DW_AT_encoding(DW_ATE_signed_char)
    1015                      .dwattr $C$DW$T$5, DW_AT_name("signed char")
    1016                      .dwattr $C$DW$T$5, DW_AT_byte_size(0x01)
    1017              
    1018              $C$DW$T$6       .dwtag  DW_TAG_base_type
    1019                      .dwattr $C$DW$T$6, DW_AT_encoding(DW_ATE_unsigned_char)
    1020                      .dwattr $C$DW$T$6, DW_AT_name("unsigned char")
    1021                      .dwattr $C$DW$T$6, DW_AT_byte_size(0x01)
    1022              
    1023              $C$DW$T$7       .dwtag  DW_TAG_base_type
    1024                      .dwattr $C$DW$T$7, DW_AT_encoding(DW_ATE_signed_char)
    1025                      .dwattr $C$DW$T$7, DW_AT_name("wchar_t")
    1026                      .dwattr $C$DW$T$7, DW_AT_byte_size(0x01)
    1027              
    1028              $C$DW$T$8       .dwtag  DW_TAG_base_type
    1029                      .dwattr $C$DW$T$8, DW_AT_encoding(DW_ATE_signed)
    1030                      .dwattr $C$DW$T$8, DW_AT_name("short")
    1031                      .dwattr $C$DW$T$8, DW_AT_byte_size(0x01)
    1032              
    1033              $C$DW$T$9       .dwtag  DW_TAG_base_type
    1034                      .dwattr $C$DW$T$9, DW_AT_encoding(DW_ATE_unsigned)
    1035                      .dwattr $C$DW$T$9, DW_AT_name("unsigned short")
    1036                      .dwattr $C$DW$T$9, DW_AT_byte_size(0x01)
    1037              
    1038              $C$DW$T$10      .dwtag  DW_TAG_base_type
    1039                      .dwattr $C$DW$T$10, DW_AT_encoding(DW_ATE_signed)
TMS320C2000 Assembler PC v20.2.1 Tue May 11 14:30:51 2021

Copyright (c) 1996-2018 Texas Instruments Incorporated
DRV830x_SPI.asm                                                      PAGE   20

    1040                      .dwattr $C$DW$T$10, DW_AT_name("int")
    1041                      .dwattr $C$DW$T$10, DW_AT_byte_size(0x01)
    1042              
    1043              $C$DW$T$11      .dwtag  DW_TAG_base_type
    1044                      .dwattr $C$DW$T$11, DW_AT_encoding(DW_ATE_unsigned)
    1045                      .dwattr $C$DW$T$11, DW_AT_name("unsigned int")
    1046                      .dwattr $C$DW$T$11, DW_AT_byte_size(0x01)
    1047              
    1048              $C$DW$T$19      .dwtag  DW_TAG_typedef
    1049                      .dwattr $C$DW$T$19, DW_AT_name("Uint16")
    1050                      .dwattr $C$DW$T$19, DW_AT_type(*$C$DW$T$11)
    1051                      .dwattr $C$DW$T$19, DW_AT_language(DW_LANG_C)
    1052              
    1053              
    1054              $C$DW$T$36      .dwtag  DW_TAG_array_type
    1055                      .dwattr $C$DW$T$36, DW_AT_type(*$C$DW$T$19)
    1056                      .dwattr $C$DW$T$36, DW_AT_language(DW_LANG_C)
    1057                      .dwattr $C$DW$T$36, DW_AT_byte_size(0x02)
    1058              $C$DW$102       .dwtag  DW_TAG_subrange_type
    1059                      .dwattr $C$DW$102, DW_AT_upper_bound(0x01)
    1060              
    1061                      .dwendtag $C$DW$T$36
    1062              
    1063              $C$DW$T$12      .dwtag  DW_TAG_base_type
    1064                      .dwattr $C$DW$T$12, DW_AT_encoding(DW_ATE_signed)
    1065                      .dwattr $C$DW$T$12, DW_AT_name("long")
    1066                      .dwattr $C$DW$T$12, DW_AT_byte_size(0x02)
    1067              
    1068              $C$DW$T$13      .dwtag  DW_TAG_base_type
    1069                      .dwattr $C$DW$T$13, DW_AT_encoding(DW_ATE_unsigned)
    1070                      .dwattr $C$DW$T$13, DW_AT_name("unsigned long")
    1071                      .dwattr $C$DW$T$13, DW_AT_byte_size(0x02)
    1072              
    1073              $C$DW$T$14      .dwtag  DW_TAG_base_type
    1074                      .dwattr $C$DW$T$14, DW_AT_encoding(DW_ATE_signed)
    1075                      .dwattr $C$DW$T$14, DW_AT_name("long long")
    1076                      .dwattr $C$DW$T$14, DW_AT_byte_size(0x04)
    1077              
    1078              $C$DW$T$15      .dwtag  DW_TAG_base_type
    1079                      .dwattr $C$DW$T$15, DW_AT_encoding(DW_ATE_unsigned)
    1080                      .dwattr $C$DW$T$15, DW_AT_name("unsigned long long")
    1081                      .dwattr $C$DW$T$15, DW_AT_byte_size(0x04)
    1082              
    1083              $C$DW$T$16      .dwtag  DW_TAG_base_type
    1084                      .dwattr $C$DW$T$16, DW_AT_encoding(DW_ATE_float)
    1085                      .dwattr $C$DW$T$16, DW_AT_name("float")
    1086                      .dwattr $C$DW$T$16, DW_AT_byte_size(0x02)
    1087              
    1088              $C$DW$T$17      .dwtag  DW_TAG_base_type
    1089                      .dwattr $C$DW$T$17, DW_AT_encoding(DW_ATE_float)
    1090                      .dwattr $C$DW$T$17, DW_AT_name("double")
    1091                      .dwattr $C$DW$T$17, DW_AT_byte_size(0x02)
    1092              
    1093              $C$DW$T$18      .dwtag  DW_TAG_base_type
    1094                      .dwattr $C$DW$T$18, DW_AT_encoding(DW_ATE_float)
TMS320C2000 Assembler PC v20.2.1 Tue May 11 14:30:51 2021

Copyright (c) 1996-2018 Texas Instruments Incorporated
DRV830x_SPI.asm                                                      PAGE   21

    1095                      .dwattr $C$DW$T$18, DW_AT_name("long double")
    1096                      .dwattr $C$DW$T$18, DW_AT_byte_size(0x04)
    1097              
    1098                      .dwattr $C$DW$CU, DW_AT_language(DW_LANG_C)
    1099              
    1100              ;***************************************************************
    1101              ;* DWARF CIE ENTRIES                                           *
    1102              ;***************************************************************
    1103              
    1104              $C$DW$CIE       .dwcie 26
    1105                      .dwcfi  cfa_register, 20
    1106                      .dwcfi  cfa_offset, 0
    1107                      .dwcfi  same_value, 28
    1108                      .dwcfi  same_value, 6
    1109                      .dwcfi  same_value, 7
    1110                      .dwcfi  same_value, 8
    1111                      .dwcfi  same_value, 9
    1112                      .dwcfi  same_value, 10
    1113                      .dwcfi  same_value, 11
    1114                      .dwcfi  same_value, 59
    1115                      .dwcfi  same_value, 63
    1116                      .dwcfi  same_value, 67
    1117                      .dwcfi  same_value, 71
    1118                      .dwendentry
    1119              
    1120              ;***************************************************************
    1121              ;* DWARF REGISTER MAP                                          *
    1122              ;***************************************************************
    1123              
    1124              $C$DW$103       .dwtag  DW_TAG_TI_assign_register
    1125                      .dwattr $C$DW$103, DW_AT_name("AL")
    1126                      .dwattr $C$DW$103, DW_AT_location[DW_OP_reg0]
    1127              
    1128              $C$DW$104       .dwtag  DW_TAG_TI_assign_register
    1129                      .dwattr $C$DW$104, DW_AT_name("AH")
    1130                      .dwattr $C$DW$104, DW_AT_location[DW_OP_reg1]
    1131              
    1132              $C$DW$105       .dwtag  DW_TAG_TI_assign_register
    1133                      .dwattr $C$DW$105, DW_AT_name("PL")
    1134                      .dwattr $C$DW$105, DW_AT_location[DW_OP_reg2]
    1135              
    1136              $C$DW$106       .dwtag  DW_TAG_TI_assign_register
    1137                      .dwattr $C$DW$106, DW_AT_name("PH")
    1138                      .dwattr $C$DW$106, DW_AT_location[DW_OP_reg3]
    1139              
    1140              $C$DW$107       .dwtag  DW_TAG_TI_assign_register
    1141                      .dwattr $C$DW$107, DW_AT_name("SP")
    1142                      .dwattr $C$DW$107, DW_AT_location[DW_OP_reg20]
    1143              
    1144              $C$DW$108       .dwtag  DW_TAG_TI_assign_register
    1145                      .dwattr $C$DW$108, DW_AT_name("XT")
    1146                      .dwattr $C$DW$108, DW_AT_location[DW_OP_reg21]
    1147              
    1148              $C$DW$109       .dwtag  DW_TAG_TI_assign_register
    1149                      .dwattr $C$DW$109, DW_AT_name("T")
TMS320C2000 Assembler PC v20.2.1 Tue May 11 14:30:51 2021

Copyright (c) 1996-2018 Texas Instruments Incorporated
DRV830x_SPI.asm                                                      PAGE   22

    1150                      .dwattr $C$DW$109, DW_AT_location[DW_OP_reg22]
    1151              
    1152              $C$DW$110       .dwtag  DW_TAG_TI_assign_register
    1153                      .dwattr $C$DW$110, DW_AT_name("ST0")
    1154                      .dwattr $C$DW$110, DW_AT_location[DW_OP_reg23]
    1155              
    1156              $C$DW$111       .dwtag  DW_TAG_TI_assign_register
    1157                      .dwattr $C$DW$111, DW_AT_name("ST1")
    1158                      .dwattr $C$DW$111, DW_AT_location[DW_OP_reg24]
    1159              
    1160              $C$DW$112       .dwtag  DW_TAG_TI_assign_register
    1161                      .dwattr $C$DW$112, DW_AT_name("PC")
    1162                      .dwattr $C$DW$112, DW_AT_location[DW_OP_reg25]
    1163              
    1164              $C$DW$113       .dwtag  DW_TAG_TI_assign_register
    1165                      .dwattr $C$DW$113, DW_AT_name("RPC")
    1166                      .dwattr $C$DW$113, DW_AT_location[DW_OP_reg26]
    1167              
    1168              $C$DW$114       .dwtag  DW_TAG_TI_assign_register
    1169                      .dwattr $C$DW$114, DW_AT_name("FP")
    1170                      .dwattr $C$DW$114, DW_AT_location[DW_OP_reg28]
    1171              
    1172              $C$DW$115       .dwtag  DW_TAG_TI_assign_register
    1173                      .dwattr $C$DW$115, DW_AT_name("DP")
    1174                      .dwattr $C$DW$115, DW_AT_location[DW_OP_reg29]
    1175              
    1176              $C$DW$116       .dwtag  DW_TAG_TI_assign_register
    1177                      .dwattr $C$DW$116, DW_AT_name("SXM")
    1178                      .dwattr $C$DW$116, DW_AT_location[DW_OP_reg30]
    1179              
    1180              $C$DW$117       .dwtag  DW_TAG_TI_assign_register
    1181                      .dwattr $C$DW$117, DW_AT_name("PM")
    1182                      .dwattr $C$DW$117, DW_AT_location[DW_OP_reg31]
    1183              
    1184              $C$DW$118       .dwtag  DW_TAG_TI_assign_register
    1185                      .dwattr $C$DW$118, DW_AT_name("OVM")
    1186                      .dwattr $C$DW$118, DW_AT_location[DW_OP_regx 0x20]
    1187              
    1188              $C$DW$119       .dwtag  DW_TAG_TI_assign_register
    1189                      .dwattr $C$DW$119, DW_AT_name("PAGE0")
    1190                      .dwattr $C$DW$119, DW_AT_location[DW_OP_regx 0x21]
    1191              
    1192              $C$DW$120       .dwtag  DW_TAG_TI_assign_register
    1193                      .dwattr $C$DW$120, DW_AT_name("AMODE")
    1194                      .dwattr $C$DW$120, DW_AT_location[DW_OP_regx 0x22]
    1195              
    1196              $C$DW$121       .dwtag  DW_TAG_TI_assign_register
    1197                      .dwattr $C$DW$121, DW_AT_name("EALLOW")
    1198                      .dwattr $C$DW$121, DW_AT_location[DW_OP_regx 0x4e]
    1199              
    1200              $C$DW$122       .dwtag  DW_TAG_TI_assign_register
    1201                      .dwattr $C$DW$122, DW_AT_name("INTM")
    1202                      .dwattr $C$DW$122, DW_AT_location[DW_OP_regx 0x23]
    1203              
    1204              $C$DW$123       .dwtag  DW_TAG_TI_assign_register
TMS320C2000 Assembler PC v20.2.1 Tue May 11 14:30:51 2021

Copyright (c) 1996-2018 Texas Instruments Incorporated
DRV830x_SPI.asm                                                      PAGE   23

    1205                      .dwattr $C$DW$123, DW_AT_name("IFR")
    1206                      .dwattr $C$DW$123, DW_AT_location[DW_OP_regx 0x24]
    1207              
    1208              $C$DW$124       .dwtag  DW_TAG_TI_assign_register
    1209                      .dwattr $C$DW$124, DW_AT_name("IER")
    1210                      .dwattr $C$DW$124, DW_AT_location[DW_OP_regx 0x25]
    1211              
    1212              $C$DW$125       .dwtag  DW_TAG_TI_assign_register
    1213                      .dwattr $C$DW$125, DW_AT_name("V")
    1214                      .dwattr $C$DW$125, DW_AT_location[DW_OP_regx 0x26]
    1215              
    1216              $C$DW$126       .dwtag  DW_TAG_TI_assign_register
    1217                      .dwattr $C$DW$126, DW_AT_name("PSEUDOH")
    1218                      .dwattr $C$DW$126, DW_AT_location[DW_OP_regx 0x4c]
    1219              
    1220              $C$DW$127       .dwtag  DW_TAG_TI_assign_register
    1221                      .dwattr $C$DW$127, DW_AT_name("VOL")
    1222                      .dwattr $C$DW$127, DW_AT_location[DW_OP_regx 0x4d]
    1223              
    1224              $C$DW$128       .dwtag  DW_TAG_TI_assign_register
    1225                      .dwattr $C$DW$128, DW_AT_name("AR0")
    1226                      .dwattr $C$DW$128, DW_AT_location[DW_OP_reg4]
    1227              
    1228              $C$DW$129       .dwtag  DW_TAG_TI_assign_register
    1229                      .dwattr $C$DW$129, DW_AT_name("XAR0")
    1230                      .dwattr $C$DW$129, DW_AT_location[DW_OP_reg5]
    1231              
    1232              $C$DW$130       .dwtag  DW_TAG_TI_assign_register
    1233                      .dwattr $C$DW$130, DW_AT_name("AR1")
    1234                      .dwattr $C$DW$130, DW_AT_location[DW_OP_reg6]
    1235              
    1236              $C$DW$131       .dwtag  DW_TAG_TI_assign_register
    1237                      .dwattr $C$DW$131, DW_AT_name("XAR1")
    1238                      .dwattr $C$DW$131, DW_AT_location[DW_OP_reg7]
    1239              
    1240              $C$DW$132       .dwtag  DW_TAG_TI_assign_register
    1241                      .dwattr $C$DW$132, DW_AT_name("AR2")
    1242                      .dwattr $C$DW$132, DW_AT_location[DW_OP_reg8]
    1243              
    1244              $C$DW$133       .dwtag  DW_TAG_TI_assign_register
    1245                      .dwattr $C$DW$133, DW_AT_name("XAR2")
    1246                      .dwattr $C$DW$133, DW_AT_location[DW_OP_reg9]
    1247              
    1248              $C$DW$134       .dwtag  DW_TAG_TI_assign_register
    1249                      .dwattr $C$DW$134, DW_AT_name("AR3")
    1250                      .dwattr $C$DW$134, DW_AT_location[DW_OP_reg10]
    1251              
    1252              $C$DW$135       .dwtag  DW_TAG_TI_assign_register
    1253                      .dwattr $C$DW$135, DW_AT_name("XAR3")
    1254                      .dwattr $C$DW$135, DW_AT_location[DW_OP_reg11]
    1255              
    1256              $C$DW$136       .dwtag  DW_TAG_TI_assign_register
    1257                      .dwattr $C$DW$136, DW_AT_name("AR4")
    1258                      .dwattr $C$DW$136, DW_AT_location[DW_OP_reg12]
    1259              
TMS320C2000 Assembler PC v20.2.1 Tue May 11 14:30:51 2021

Copyright (c) 1996-2018 Texas Instruments Incorporated
DRV830x_SPI.asm                                                      PAGE   24

    1260              $C$DW$137       .dwtag  DW_TAG_TI_assign_register
    1261                      .dwattr $C$DW$137, DW_AT_name("XAR4")
    1262                      .dwattr $C$DW$137, DW_AT_location[DW_OP_reg13]
    1263              
    1264              $C$DW$138       .dwtag  DW_TAG_TI_assign_register
    1265                      .dwattr $C$DW$138, DW_AT_name("AR5")
    1266                      .dwattr $C$DW$138, DW_AT_location[DW_OP_reg14]
    1267              
    1268              $C$DW$139       .dwtag  DW_TAG_TI_assign_register
    1269                      .dwattr $C$DW$139, DW_AT_name("XAR5")
    1270                      .dwattr $C$DW$139, DW_AT_location[DW_OP_reg15]
    1271              
    1272              $C$DW$140       .dwtag  DW_TAG_TI_assign_register
    1273                      .dwattr $C$DW$140, DW_AT_name("AR6")
    1274                      .dwattr $C$DW$140, DW_AT_location[DW_OP_reg16]
    1275              
    1276              $C$DW$141       .dwtag  DW_TAG_TI_assign_register
    1277                      .dwattr $C$DW$141, DW_AT_name("XAR6")
    1278                      .dwattr $C$DW$141, DW_AT_location[DW_OP_reg17]
    1279              
    1280              $C$DW$142       .dwtag  DW_TAG_TI_assign_register
    1281                      .dwattr $C$DW$142, DW_AT_name("AR7")
    1282                      .dwattr $C$DW$142, DW_AT_location[DW_OP_reg18]
    1283              
    1284              $C$DW$143       .dwtag  DW_TAG_TI_assign_register
    1285                      .dwattr $C$DW$143, DW_AT_name("XAR7")
    1286                      .dwattr $C$DW$143, DW_AT_location[DW_OP_reg19]
    1287              
    1288              $C$DW$144       .dwtag  DW_TAG_TI_assign_register
    1289                      .dwattr $C$DW$144, DW_AT_name("R0H")
    1290                      .dwattr $C$DW$144, DW_AT_location[DW_OP_regx 0x2b]
    1291              
    1292              $C$DW$145       .dwtag  DW_TAG_TI_assign_register
    1293                      .dwattr $C$DW$145, DW_AT_name("R1H")
    1294                      .dwattr $C$DW$145, DW_AT_location[DW_OP_regx 0x2f]
    1295              
    1296              $C$DW$146       .dwtag  DW_TAG_TI_assign_register
    1297                      .dwattr $C$DW$146, DW_AT_name("R2H")
    1298                      .dwattr $C$DW$146, DW_AT_location[DW_OP_regx 0x33]
    1299              
    1300              $C$DW$147       .dwtag  DW_TAG_TI_assign_register
    1301                      .dwattr $C$DW$147, DW_AT_name("R3H")
    1302                      .dwattr $C$DW$147, DW_AT_location[DW_OP_regx 0x37]
    1303              
    1304              $C$DW$148       .dwtag  DW_TAG_TI_assign_register
    1305                      .dwattr $C$DW$148, DW_AT_name("R4H")
    1306                      .dwattr $C$DW$148, DW_AT_location[DW_OP_regx 0x3b]
    1307              
    1308              $C$DW$149       .dwtag  DW_TAG_TI_assign_register
    1309                      .dwattr $C$DW$149, DW_AT_name("R5H")
    1310                      .dwattr $C$DW$149, DW_AT_location[DW_OP_regx 0x3f]
    1311              
    1312              $C$DW$150       .dwtag  DW_TAG_TI_assign_register
    1313                      .dwattr $C$DW$150, DW_AT_name("R6H")
    1314                      .dwattr $C$DW$150, DW_AT_location[DW_OP_regx 0x43]
TMS320C2000 Assembler PC v20.2.1 Tue May 11 14:30:51 2021

Copyright (c) 1996-2018 Texas Instruments Incorporated
DRV830x_SPI.asm                                                      PAGE   25

    1315              
    1316              $C$DW$151       .dwtag  DW_TAG_TI_assign_register
    1317                      .dwattr $C$DW$151, DW_AT_name("R7H")
    1318                      .dwattr $C$DW$151, DW_AT_location[DW_OP_regx 0x47]
    1319              
    1320              $C$DW$152       .dwtag  DW_TAG_TI_assign_register
    1321                      .dwattr $C$DW$152, DW_AT_name("RB")
    1322                      .dwattr $C$DW$152, DW_AT_location[DW_OP_regx 0x4a]
    1323              
    1324              $C$DW$153       .dwtag  DW_TAG_TI_assign_register
    1325                      .dwattr $C$DW$153, DW_AT_name("STF")
    1326                      .dwattr $C$DW$153, DW_AT_location[DW_OP_regx 0x28]
    1327              
    1328              $C$DW$154       .dwtag  DW_TAG_TI_assign_register
    1329                      .dwattr $C$DW$154, DW_AT_name("FPUHAZ")
    1330                      .dwattr $C$DW$154, DW_AT_location[DW_OP_reg27]
    1331              
    1332              $C$DW$155       .dwtag  DW_TAG_TI_assign_register
    1333                      .dwattr $C$DW$155, DW_AT_name("STF_HWDIV")
    1334                      .dwattr $C$DW$155, DW_AT_location[DW_OP_regx 0x4f]
    1335              
    1336              $C$DW$156       .dwtag  DW_TAG_TI_assign_register
    1337                      .dwattr $C$DW$156, DW_AT_name("VCRC")
    1338                      .dwattr $C$DW$156, DW_AT_location[DW_OP_regx 0x50]
    1339              
    1340              $C$DW$157       .dwtag  DW_TAG_TI_assign_register
    1341                      .dwattr $C$DW$157, DW_AT_name("VSTATUS")
    1342                      .dwattr $C$DW$157, DW_AT_location[DW_OP_regx 0x51]
    1343              
    1344                      .dwendtag $C$DW$CU
    1345              

No Assembly Errors, No Assembly Warnings
